[2022-10-11T16:50:07.658] [ERROR] errors - TypeError: Cannot create property 'headers' on string '不支持的请求方式'
    at cors (C:\Users\unfetteredman\project\custom-project\koa-service\node_modules\@koa\cors\index.js:114:21)
    at async C:\Users\unfetteredman\project\custom-project\koa-service\node_modules\koa-log4\koa-logger.js:86:7
    at async serve (C:\Users\unfetteredman\project\custom-project\koa-service\node_modules\koa-static\index.js:53:9)
[2022-10-11T16:56:34.733] [ERROR] errors - TypeError: Cannot read properties of undefined (reading 'file')
    at C:\Users\unfetteredman\project\custom-project\koa-service\src\router\modules\login.route.ts:73:37
    at dispatch (C:\Users\unfetteredman\project\custom-project\koa-service\node_modules\koa-compose\index.js:42:32)
    at C:\Users\unfetteredman\project\custom-project\koa-service\src\middleware\joiValidateMiddleWare.ts:9:11
    at step (C:\Users\unfetteredman\project\custom-project\koa-service\src\middleware\joiValidateMiddleWare.ts:33:23)
    at Object.next (C:\Users\unfetteredman\project\custom-project\koa-service\src\middleware\joiValidateMiddleWare.ts:14:53)
    at fulfilled (C:\Users\unfetteredman\project\custom-project\koa-service\src\middleware\joiValidateMiddleWare.ts:5:58)
    at processTicksAndRejections (node:internal/process/task_queues:96:5)
[2022-10-11T17:02:34.594] [ERROR] errors - TypeError: Cannot read properties of undefined (reading 'file')
    at C:\Users\unfetteredman\project\custom-project\koa-service\src\router\modules\login.route.ts:73:37
    at dispatch (C:\Users\unfetteredman\project\custom-project\koa-service\node_modules\koa-compose\index.js:42:32)
    at C:\Users\unfetteredman\project\custom-project\koa-service\src\middleware\joiValidateMiddleWare.ts:9:11
    at step (C:\Users\unfetteredman\project\custom-project\koa-service\src\middleware\joiValidateMiddleWare.ts:33:23)
    at Object.next (C:\Users\unfetteredman\project\custom-project\koa-service\src\middleware\joiValidateMiddleWare.ts:14:53)
    at fulfilled (C:\Users\unfetteredman\project\custom-project\koa-service\src\middleware\joiValidateMiddleWare.ts:5:58)
    at processTicksAndRejections (node:internal/process/task_queues:96:5)
[2022-10-11T17:04:07.343] [ERROR] errors - TypeError: Cannot read properties of undefined (reading 'file')
    at C:\Users\unfetteredman\project\custom-project\koa-service\src\router\modules\login.route.ts:73:37
    at dispatch (C:\Users\unfetteredman\project\custom-project\koa-service\node_modules\koa-compose\index.js:42:32)
    at C:\Users\unfetteredman\project\custom-project\koa-service\src\middleware\joiValidateMiddleWare.ts:9:11
    at step (C:\Users\unfetteredman\project\custom-project\koa-service\src\middleware\joiValidateMiddleWare.ts:33:23)
    at Object.next (C:\Users\unfetteredman\project\custom-project\koa-service\src\middleware\joiValidateMiddleWare.ts:14:53)
    at fulfilled (C:\Users\unfetteredman\project\custom-project\koa-service\src\middleware\joiValidateMiddleWare.ts:5:58)
    at processTicksAndRejections (node:internal/process/task_queues:96:5)
[2022-10-11T17:09:22.348] [ERROR] errors - [Error [ValidationError]: "userName" is required] {
  _original: {},
  details: [
    {
      message: '"userName" is required',
      path: [Array],
      type: 'any.required',
      context: [Object]
    }
  ]
}
[2022-10-11T17:09:51.390] [ERROR] errors - [Error [ValidationError]: "userName" is required] {
  _original: {},
  details: [
    {
      message: '"userName" is required',
      path: [Array],
      type: 'any.required',
      context: [Object]
    }
  ]
}
[2022-10-11T17:11:25.918] [ERROR] errors - [Error [ValidationError]: "userName" is required] {
  _original: {},
  details: [
    {
      message: '"userName" is required',
      path: [Array],
      type: 'any.required',
      context: [Object]
    }
  ]
}
[2022-10-11T17:12:06.468] [ERROR] errors - [Error [ValidationError]: "value" must be of type object] {
  _original: '{\r\n    "userName": "tom"\r\n}',
  details: [
    {
      message: '"value" must be of type object',
      path: [],
      type: 'object.base',
      context: [Object]
    }
  ]
}
[2022-10-11T17:13:19.607] [ERROR] errors - [Error [ValidationError]: "value" must be of type object] {
  _original: '{\r\n    "userName": "tom1"\r\n}',
  details: [
    {
      message: '"value" must be of type object',
      path: [],
      type: 'object.base',
      context: [Object]
    }
  ]
}
[2022-10-11T17:15:40.077] [ERROR] errors - [Error [ValidationError]: "value" must be of type object] {
  _original: '{\r\n    "userName": "tom99A"\r\n}',
  details: [
    {
      message: '"value" must be of type object',
      path: [],
      type: 'object.base',
      context: [Object]
    }
  ]
}
[2022-10-11T17:15:53.066] [ERROR] errors - [Error [ValidationError]: "value" must be of type object] {
  _original: '{\r\n    "userName": "tom99A"\r\n}',
  details: [
    {
      message: '"value" must be of type object',
      path: [],
      type: 'object.base',
      context: [Object]
    }
  ]
}
[2022-10-11T17:17:37.627] [ERROR] errors - [Error [ValidationError]: "value" must be of type object] {
  _original: '{\r\n    "userName": "tom99A"\r\n}',
  details: [
    {
      message: '"value" must be of type object',
      path: [],
      type: 'object.base',
      context: [Object]
    }
  ]
}
[2022-10-11T17:22:26.464] [ERROR] errors - [Error [ValidationError]: "value" must be of type object] {
  _original: '{\r\n    "userName": "tom99A",\r\n    "password": "12323"\r\n}',
  details: [
    {
      message: '"value" must be of type object',
      path: [],
      type: 'object.base',
      context: [Object]
    }
  ]
}
[2022-10-11T17:23:28.563] [ERROR] errors - [Error [ValidationError]: "password" with value "weqeqwwr2323" fails to match the required pattern: /^(?=.*[a-z])(?=.*[A-Z])(?=.*\d)[^]{8,16}$/] {
  _original: { userName: 'edsfsdf', password: 'weqeqwwr2323' },
  details: [
    {
      message: '"password" with value "weqeqwwr2323" fails to match the required pattern: /^(?=.*[a-z])(?=.*[A-Z])(?=.*\\d)[^]{8,16}$/',
      path: [Array],
      type: 'string.pattern.base',
      context: [Object]
    }
  ]
}
[2022-10-11T17:24:04.104] [ERROR] errors - [Error [ValidationError]: "password" with value "w3wr2323" fails to match the required pattern: /^(?=.*[a-z])(?=.*[A-Z])(?=.*\d)[^]{8,16}$/] {
  _original: { userName: 'edsfsdf', password: 'w3wr2323' },
  details: [
    {
      message: '"password" with value "w3wr2323" fails to match the required pattern: /^(?=.*[a-z])(?=.*[A-Z])(?=.*\\d)[^]{8,16}$/',
      path: [Array],
      type: 'string.pattern.base',
      context: [Object]
    }
  ]
}
[2022-10-11T17:27:01.865] [ERROR] errors - [Error [ValidationError]: "password" with value "w3wr2323" fails to match the required pattern: /^(?=.*[a-z])(?=.*[A-Z])(?=.*\d)[^]{8,16}$/] {
  _original: { userName: 'edsfsdf', password: 'w3wr2323' },
  details: [
    {
      message: '"password" with value "w3wr2323" fails to match the required pattern: /^(?=.*[a-z])(?=.*[A-Z])(?=.*\\d)[^]{8,16}$/',
      path: [Array],
      type: 'string.pattern.base',
      context: [Object]
    }
  ]
}
[2022-10-11T17:35:15.306] [ERROR] errors - FormidableError: bad content-type header, no multipart boundary
    at IncomingForm.plugin (C:\Users\unfetteredman\project\custom-project\koa-service\node_modules\formidable\src\plugins\multipart.js:30:19)
    at IncomingForm._parseContentType (C:\Users\unfetteredman\project\custom-project\koa-service\node_modules\formidable\src\Formidable.js:423:24)
    at IncomingForm.writeHeaders (C:\Users\unfetteredman\project\custom-project\koa-service\node_modules\formidable\src\Formidable.js:222:10)
    at IncomingForm.parse (C:\Users\unfetteredman\project\custom-project\koa-service\node_modules\formidable\src\Formidable.js:188:10)
    at C:\Users\unfetteredman\project\custom-project\koa-service\node_modules\koa-body\index.js:209:10
    at new Promise (<anonymous>)
    at formy (C:\Users\unfetteredman\project\custom-project\koa-service\node_modules\koa-body\index.js:174:10)
    at C:\Users\unfetteredman\project\custom-project\koa-service\node_modules\koa-body\index.js:101:25
    at dispatch (C:\Users\unfetteredman\project\custom-project\koa-service\node_modules\koa-compose\index.js:42:32)
    at koaSwaggerUi (C:\Users\unfetteredman\project\custom-project\koa-service\node_modules\koa2-swagger-ui\lib\index.ts:122:12) {
  code: 1013,
  httpCode: 400
}
[2022-10-11T17:35:15.310] [ERROR] errors - TypeError: Cannot read properties of undefined (reading 'fields')
    at C:\Users\unfetteredman\project\custom-project\koa-service\node_modules\koa-body\index.js:137:35
    at processTicksAndRejections (node:internal/process/task_queues:96:5)
    at async C:\Users\unfetteredman\project\custom-project\koa-service\node_modules\koa-log4\koa-logger.js:86:7
    at async serve (C:\Users\unfetteredman\project\custom-project\koa-service\node_modules\koa-static\index.js:53:9)
[2022-10-11T17:37:11.797] [ERROR] errors - SyntaxError: Unexpected token u in JSON at position 7
    at JSON.parse (<anonymous>)
    at parse (C:\Users\unfetteredman\project\custom-project\koa-service\node_modules\co-body\lib\json.js:62:17)
    at C:\Users\unfetteredman\project\custom-project\koa-service\node_modules\co-body\lib\json.js:45:22
    at processTicksAndRejections (node:internal/process/task_queues:96:5)
    at async C:\Users\unfetteredman\project\custom-project\koa-service\node_modules\koa-log4\koa-logger.js:86:7
    at async serve (C:\Users\unfetteredman\project\custom-project\koa-service\node_modules\koa-static\index.js:53:9) {
  status: 400,
  body: "{\r\n    userName: '3dfsjod',\r\n    password: '329dlkf'\r\n}"
}
[2022-10-11T17:37:11.798] [ERROR] errors - Error: next() called multiple times
    at dispatch (C:\Users\unfetteredman\project\custom-project\koa-service\node_modules\koa-compose\index.js:36:45)
    at C:\Users\unfetteredman\project\custom-project\koa-service\node_modules\koa-body\index.js:148:14
    at processTicksAndRejections (node:internal/process/task_queues:96:5)
    at async C:\Users\unfetteredman\project\custom-project\koa-service\node_modules\koa-log4\koa-logger.js:86:7
    at async serve (C:\Users\unfetteredman\project\custom-project\koa-service\node_modules\koa-static\index.js:53:9)
[2022-10-11T17:38:30.555] [ERROR] errors - SyntaxError: Unexpected token u in JSON at position 7
    at JSON.parse (<anonymous>)
    at parse (C:\Users\unfetteredman\project\custom-project\koa-service\node_modules\co-body\lib\json.js:62:17)
    at C:\Users\unfetteredman\project\custom-project\koa-service\node_modules\co-body\lib\json.js:45:22
    at processTicksAndRejections (node:internal/process/task_queues:96:5)
    at async C:\Users\unfetteredman\project\custom-project\koa-service\node_modules\koa-log4\koa-logger.js:86:7
    at async serve (C:\Users\unfetteredman\project\custom-project\koa-service\node_modules\koa-static\index.js:53:9) {
  status: 400,
  body: "{\r\n    userName: '3dfsjod',\r\n    password: '329dlkf'\r\n}"
}
[2022-10-11T17:38:30.559] [ERROR] errors - Error: next() called multiple times
    at dispatch (C:\Users\unfetteredman\project\custom-project\koa-service\node_modules\koa-compose\index.js:36:45)
    at C:\Users\unfetteredman\project\custom-project\koa-service\node_modules\koa-body\index.js:148:14
    at processTicksAndRejections (node:internal/process/task_queues:96:5)
    at async C:\Users\unfetteredman\project\custom-project\koa-service\node_modules\koa-log4\koa-logger.js:86:7
    at async serve (C:\Users\unfetteredman\project\custom-project\koa-service\node_modules\koa-static\index.js:53:9)
[2022-10-11T17:39:54.877] [ERROR] errors - [Error [ValidationError]: "value" must be of type object] {
  _original: "{\r\n    userName: '3dfsjod',\r\n    password: '329dlkf'\r\n}",
  details: [
    {
      message: '"value" must be of type object',
      path: [],
      type: 'object.base',
      context: [Object]
    }
  ]
}
[2022-10-11T17:40:15.475] [ERROR] errors - [Error [ValidationError]: "value" must be of type object] {
  _original: "{\r\n    userName: '3dfsjod',\r\n    password: '329dlkf'\r\n}",
  details: [
    {
      message: '"value" must be of type object',
      path: [],
      type: 'object.base',
      context: [Object]
    }
  ]
}
[2022-10-11T17:40:23.115] [ERROR] errors - [Error [ValidationError]: "value" must be of type object] {
  _original: "{\r\n    userName: '3dfsjod',\r\n    password: '329dlkf'\r\n}",
  details: [
    {
      message: '"value" must be of type object',
      path: [],
      type: 'object.base',
      context: [Object]
    }
  ]
}
[2022-10-11T17:40:32.898] [ERROR] errors - [Error [ValidationError]: "value" must be of type object] {
  _original: "{\r\n    userName: '3dfsjod',\r\n    password: '329dlkf'\r\n}",
  details: [
    {
      message: '"value" must be of type object',
      path: [],
      type: 'object.base',
      context: [Object]
    }
  ]
}
[2022-10-11T17:40:45.414] [ERROR] errors - [Error [ValidationError]: "value" must be of type object] {
  _original: "{\r\n    userName: '3dfsjod',\r\n    password: '329dlkf'\r\n}",
  details: [
    {
      message: '"value" must be of type object',
      path: [],
      type: 'object.base',
      context: [Object]
    }
  ]
}
[2022-10-11T17:41:28.453] [ERROR] errors - [Error [ValidationError]: "value" must be of type object] {
  _original: "{\r\n    userName: '3dfsjod',\r\n    password: '329dlkf'\r\n}",
  details: [
    {
      message: '"value" must be of type object',
      path: [],
      type: 'object.base',
      context: [Object]
    }
  ]
}
[2022-10-11T17:48:42.571] [ERROR] errors - Error: 密码错误
    at Object.<anonymous> (C:\Users\unfetteredman\project\custom-project\koa-service\src\joiValidator\login.validate.ts:7:12)
    at Module._compile (node:internal/modules/cjs/loader:1126:14)
    at Module.m._compile (C:\Users\unfetteredman\project\custom-project\koa-service\node_modules\ts-node\src\index.ts:1618:23)
    at Module._extensions..js (node:internal/modules/cjs/loader:1180:10)
    at Object.require.extensions.<computed> [as .ts] (C:\Users\unfetteredman\project\custom-project\koa-service\node_modules\ts-node\src\index.ts:1621:12)
    at Module.load (node:internal/modules/cjs/loader:1004:32)
    at Function.Module._load (node:internal/modules/cjs/loader:839:12)
    at Module.require (node:internal/modules/cjs/loader:1028:19)
    at require (node:internal/modules/cjs/helpers:102:18)
    at Object.<anonymous> (C:\Users\unfetteredman\project\custom-project\koa-service\src\router\modules\login.route.ts:11:1)
